<?xml version="1.0" encoding="UTF-8"?>
<testng-results ignored="2" total="3" passed="1" failed="0" skipped="0">
    <reporter-output>
    </reporter-output>
    <suite started-at="2021-07-26T08:19:48Z" name="All Test Suite" finished-at="2021-07-26T08:24:30Z"
           duration-ms="281883">
        <groups>
        </groups>
        <test started-at="2021-07-26T08:19:48Z" name="scheduleVisit_Primary_Care_Unsigned"
              finished-at="2021-07-26T08:24:30Z" duration-ms="281883">
            <class name="Tests.Scheduling">
                <test-method is-config="true"
                             signature="beforeTest(java.lang.String, org.testng.ITestContext)[pri:0, instance:Tests.Scheduling@6bb6cc36]"
                             started-at="2021-07-26T08:19:48Z" name="beforeTest" finished-at="2021-07-26T08:20:39Z"
                             duration-ms="50286" status="PASS">
                    <params>
                        <param index="0">
                            <value>
                                <![CDATA[ios]]>
                            </value>
                        </param>
                        <param index="1">
                            <value>
                                <![CDATA[org.testng.TestRunner@541d942d]]>
                            </value>
                        </param>
                    </params>
                    <reporter-output>
                    </reporter-output>
                </test-method> <!-- beforeTest -->
                <test-method
                        signature="scheduleVisit_Primary_Care_Unsigned()[pri:0, instance:Tests.Scheduling@6bb6cc36]"
                        started-at="2021-07-26T08:20:39Z" name="scheduleVisit_Primary_Care_Unsigned"
                        finished-at="2021-07-26T08:24:28Z" duration-ms="229665" status="PASS">
                    <reporter-output>
                    </reporter-output>
                </test-method> <!-- scheduleVisit_Primary_Care_Unsigned -->
                <test-method is-config="true" signature="quit()[pri:0, instance:Tests.Scheduling@6bb6cc36]"
                             started-at="2021-07-26T08:24:28Z" name="quit" finished-at="2021-07-26T08:24:30Z"
                             duration-ms="1898" status="PASS">
                    <reporter-output>
                    </reporter-output>
                </test-method> <!-- quit -->
            </class> <!-- Tests.Scheduling -->
        </test> <!-- scheduleVisit_Primary_Care_Unsigned -->
    </suite> <!-- All Test Suite -->
</testng-results>
